<?xml version="1.0" encoding="UTF-8"?>
<testsuites>
    <testsuite name="login-in-social-media;login-for-registered-and-approved-user" tests="3" failures="0" skipped="0">
        <properties>
            <property name="@search" value="true">
            </property>
            <property name="URI" value="E:/Agile Web App/social media (frontend)/test/features/login.feature">
            </property>
        </properties>
        <testcase name="Given I am on the Social Media Login page" classname="login-in-social-media;login-for-registered-and-approved-user" time="4.5958978">
        </testcase>
        <testcase name="When I enter &quot;test@gmail.com&quot; and I enter &quot;test123&quot; and I click login" classname="login-in-social-media;login-for-registered-and-approved-user" time="0.500165399">
        </testcase>
        <testcase name="Then I should see &quot;WELCOME&quot; in the results" classname="login-in-social-media;login-for-registered-and-approved-user" time="0.019459299">
        </testcase>
    </testsuite>
    <testsuite name="register-in-social-media;user-registeration-vaidation-test" tests="3" failures="0" skipped="2">
        <properties>
            <property name="@search" value="true">
            </property>
            <property name="URI" value="E:/Agile Web App/social media (frontend)/test/features/registration.feature">
            </property>
        </properties>
        <testcase name="Given I am on the Social Media Registration page" classname="register-in-social-media;user-registeration-vaidation-test" time="4.9371846">
        </testcase>
        <testcase name="When I enter &quot;madan&quot; and I enter &quot;madan@gmail.com&quot; and I enter &quot;madan123&quot;and I click SIGNUP" classname="register-in-social-media;user-registeration-vaidation-test">
            <skipped message="">
            </skipped>
        </testcase>
        <testcase name="Then I should see &quot;REGISTRATION SUCCESSFUL!!&quot;" classname="register-in-social-media;user-registeration-vaidation-test">
            <skipped message="">
            </skipped>
        </testcase>
    </testsuite>
</testsuites>